Change Component Designator: OldDesignator=C1_U_vca_coreA NewDesignator=C1A
Change Component Designator: OldDesignator=C1_U_vca_coreB NewDesignator=C1B
Change Component Designator: OldDesignator=R1_U_vca_coreA NewDesignator=R1A
Change Component Designator: OldDesignator=R1_U_vca_coreB NewDesignator=R1B
Change Component Designator: OldDesignator=R2_U_vca_coreA NewDesignator=R2A
Change Component Designator: OldDesignator=R2_U_vca_coreB NewDesignator=R2B
Change Component Designator: OldDesignator=R3_U_vca_coreA NewDesignator=R3A
Change Component Designator: OldDesignator=R3_U_vca_coreB NewDesignator=R3B
Change Component Designator: OldDesignator=R4_U_vca_coreA NewDesignator=R4A
Change Component Designator: OldDesignator=R4_U_vca_coreB NewDesignator=R4B
Change Component Designator: OldDesignator=R5_U_vca_coreA NewDesignator=R5A
Change Component Designator: OldDesignator=R5_U_vca_coreB NewDesignator=R5B
Change Component Designator: OldDesignator=R6_U_vca_coreA NewDesignator=R6A
Change Component Designator: OldDesignator=R6_U_vca_coreB NewDesignator=R6B
Change Component Designator: OldDesignator=R7_U_vca_coreA NewDesignator=R7A
Change Component Designator: OldDesignator=R7_U_vca_coreB NewDesignator=R7B
Change Component Designator: OldDesignator=R8_U_vca_coreA NewDesignator=R8A
Change Component Designator: OldDesignator=R8_U_vca_coreB NewDesignator=R8B
Change Component Designator: OldDesignator=R9_U_vca_coreA NewDesignator=R9A
Change Component Designator: OldDesignator=R9_U_vca_coreB NewDesignator=R9B
Change Component Designator: OldDesignator=R10_U_vca_coreA NewDesignator=R10A
Change Component Designator: OldDesignator=R10_U_vca_coreB NewDesignator=R10B
Change Component Designator: OldDesignator=R11_U_vca_coreA NewDesignator=R11A
Change Component Designator: OldDesignator=R11_U_vca_coreB NewDesignator=R11B
Change Component Designator: OldDesignator=R12_U_vca_coreA NewDesignator=R12A
Change Component Designator: OldDesignator=R12_U_vca_coreB NewDesignator=R12B
Change Component Designator: OldDesignator=R13_U_vca_coreA NewDesignator=R13A
Change Component Designator: OldDesignator=R13_U_vca_coreB NewDesignator=R13B
Change Component Designator: OldDesignator=R14_U_vca_coreA NewDesignator=R14A
Change Component Designator: OldDesignator=R14_U_vca_coreB NewDesignator=R14B
Change Component Designator: OldDesignator=R15_U_vca_coreA NewDesignator=R15A
Change Component Designator: OldDesignator=R15_U_vca_coreB NewDesignator=R15B
Change Component Designator: OldDesignator=R16_U_vca_coreA NewDesignator=R16A
Change Component Designator: OldDesignator=R16_U_vca_coreB NewDesignator=R16B
Change Component Designator: OldDesignator=R17_U_vca_coreA NewDesignator=R17A
Change Component Designator: OldDesignator=R17_U_vca_coreB NewDesignator=R17B
Change Component Designator: OldDesignator=R18_U_vca_coreA NewDesignator=R18A
Change Component Designator: OldDesignator=R18_U_vca_coreB NewDesignator=R18B
Change Component Designator: OldDesignator=R19_U_vca_coreA NewDesignator=R19A
Change Component Designator: OldDesignator=R19_U_vca_coreB NewDesignator=R19B
Change Component Designator: OldDesignator=R20_U_vca_coreA NewDesignator=R20A
Change Component Designator: OldDesignator=R20_U_vca_coreB NewDesignator=R20B
Change Component Designator: OldDesignator=R21_U_vca_coreA NewDesignator=R21A
Change Component Designator: OldDesignator=R21_U_vca_coreB NewDesignator=R21B
Change Component Designator: OldDesignator=R22_U_vca_coreA NewDesignator=R22A
Change Component Designator: OldDesignator=R22_U_vca_coreB NewDesignator=R22B
Change Component Designator: OldDesignator=R23_U_vca_coreA NewDesignator=R23A
Change Component Designator: OldDesignator=R23_U_vca_coreB NewDesignator=R23B
Change Component Designator: OldDesignator=R24_U_vca_coreA NewDesignator=R24A
Change Component Designator: OldDesignator=R24_U_vca_coreB NewDesignator=R24B
Change Component Designator: OldDesignator=R25_U_vca_coreA NewDesignator=R25A
Change Component Designator: OldDesignator=R25_U_vca_coreB NewDesignator=R25B
Change Component Designator: OldDesignator=R26_U_vca_coreA NewDesignator=R26A
Change Component Designator: OldDesignator=R26_U_vca_coreB NewDesignator=R26B
Change Component Designator: OldDesignator=R27_U_vca_coreA NewDesignator=R27A
Change Component Designator: OldDesignator=R27_U_vca_coreB NewDesignator=R27B
Change Component Designator: OldDesignator=R28_U_vca_coreA NewDesignator=R28A
Change Component Designator: OldDesignator=R28_U_vca_coreB NewDesignator=R28B
Change Component Designator: OldDesignator=T1_U_vca_coreA NewDesignator=T1A
Change Component Designator: OldDesignator=T1_U_vca_coreB NewDesignator=T1B
Change Component Designator: OldDesignator=T2_U_vca_coreA NewDesignator=T2A
Change Component Designator: OldDesignator=T2_U_vca_coreB NewDesignator=T2B
Change Component Designator: OldDesignator=T3_U_vca_coreA NewDesignator=T3A
Change Component Designator: OldDesignator=T3_U_vca_coreB NewDesignator=T3B
Change Component Designator: OldDesignator=U1_U_vca_coreA NewDesignator=U1A
Change Component Designator: OldDesignator=U1_U_vca_coreB NewDesignator=U1B
Change Component Designator: OldDesignator=VR1_U_vca_coreA NewDesignator=VR1A
Change Component Designator: OldDesignator=VR1_U_vca_coreB NewDesignator=VR1B
Change Component Designator: OldDesignator=VR2_U_vca_coreA NewDesignator=VR2A
Change Component Designator: OldDesignator=VR2_U_vca_coreB NewDesignator=VR2B
Change Net Name : Old Net Name=NetR1_U_vca_coreA_1 New Net Name=NetR1A_1
Change Net Name : Old Net Name=NetR1_U_vca_coreA_2 New Net Name=NetR1A_2
Change Net Name : Old Net Name=NetR1_U_vca_coreB_1 New Net Name=NetR1B_1
Change Net Name : Old Net Name=NetR1_U_vca_coreB_2 New Net Name=NetR1B_2
Change Net Name : Old Net Name=NetR2_U_vca_coreA_1 New Net Name=NetR2A_1
Change Net Name : Old Net Name=NetR2_U_vca_coreA_2 New Net Name=NetR2A_2
Change Net Name : Old Net Name=NetR2_U_vca_coreB_1 New Net Name=NetR2B_1
Change Net Name : Old Net Name=NetR2_U_vca_coreB_2 New Net Name=NetR2B_2
Change Net Name : Old Net Name=NetR3_U_vca_coreA_1 New Net Name=NetR3A_1
Change Net Name : Old Net Name=NetR3_U_vca_coreA_2 New Net Name=NetR3A_2
Change Net Name : Old Net Name=NetR3_U_vca_coreB_1 New Net Name=NetR3B_1
Change Net Name : Old Net Name=NetR3_U_vca_coreB_2 New Net Name=NetR3B_2
Change Net Name : Old Net Name=NetR4_U_vca_coreA_2 New Net Name=NetR4A_2
Change Net Name : Old Net Name=NetR4_U_vca_coreB_2 New Net Name=NetR4B_2
Change Net Name : Old Net Name=NetR6_U_vca_coreA_2 New Net Name=NetR6A_2
Change Net Name : Old Net Name=NetR6_U_vca_coreB_2 New Net Name=NetR6B_2
Change Net Name : Old Net Name=NetR8_U_vca_coreA_2 New Net Name=NetR8A_2
Change Net Name : Old Net Name=NetR8_U_vca_coreB_2 New Net Name=NetR8B_2
Change Net Name : Old Net Name=NetR12_U_vca_coreA_1 New Net Name=NetR12A_1
Change Net Name : Old Net Name=NetR12_U_vca_coreB_1 New Net Name=NetR12B_1
Change Net Name : Old Net Name=NetR13_U_vca_coreA_2 New Net Name=NetR13A_2
Change Net Name : Old Net Name=NetR13_U_vca_coreB_2 New Net Name=NetR13B_2
Change Net Name : Old Net Name=NetR16_U_vca_coreA_1 New Net Name=NetR16A_1
Change Net Name : Old Net Name=NetR16_U_vca_coreA_2 New Net Name=NetR16A_2
Change Net Name : Old Net Name=NetR16_U_vca_coreB_1 New Net Name=NetR16B_1
Change Net Name : Old Net Name=NetR16_U_vca_coreB_2 New Net Name=NetR16B_2
Change Net Name : Old Net Name=NetR17_U_vca_coreA_1 New Net Name=NetR17A_1
Change Net Name : Old Net Name=NetR17_U_vca_coreA_2 New Net Name=NetR17A_2
Change Net Name : Old Net Name=NetR17_U_vca_coreB_1 New Net Name=NetR17B_1
Change Net Name : Old Net Name=NetR17_U_vca_coreB_2 New Net Name=NetR17B_2
Change Net Name : Old Net Name=NetR19_U_vca_coreA_2 New Net Name=NetR19A_2
Change Net Name : Old Net Name=NetR19_U_vca_coreB_2 New Net Name=NetR19B_2
Change Net Name : Old Net Name=NetR21_U_vca_coreA_2 New Net Name=NetR21A_2
Change Net Name : Old Net Name=NetR21_U_vca_coreB_2 New Net Name=NetR21B_2
Change Net Name : Old Net Name=NetR22_U_vca_coreA_2 New Net Name=NetR22A_2
Change Net Name : Old Net Name=NetR22_U_vca_coreB_2 New Net Name=NetR22B_2
Change Net Name : Old Net Name=NetR23_U_vca_coreA_2 New Net Name=NetR23A_2
Change Net Name : Old Net Name=NetR23_U_vca_coreB_2 New Net Name=NetR23B_2
Change Net Name : Old Net Name=NetR24_U_vca_coreA_2 New Net Name=NetR24A_2
Change Net Name : Old Net Name=NetR24_U_vca_coreB_2 New Net Name=NetR24B_2
Change Net Name : Old Net Name=NetR25_U_vca_coreA_2 New Net Name=NetR25A_2
Change Net Name : Old Net Name=NetR25_U_vca_coreB_2 New Net Name=NetR25B_2
